Arguments: 
  D:\nodejs\node.exe C:\Users\AwgyD\AppData\Roaming\npm\node_modules\yarn\bin\yarn.js install --silent

PATH: 
  C:\ProgramData\Oracle\Java\javapath;C:\Program Files (x86)\Intel\iCLS Client\;C:\Program Files\Intel\iCLS Client\;C:\Windows\system32;C:\Windows;C:\Windows\System32\Wbem;C:\Windows\System32\WindowsPowerShell\v1.0\;C:\Program Files (x86)\NVIDIA Corporation\PhysX\Common;C:\Program Files (x86)\Intel\Intel(R) Management Engine Components\DAL;C:\Program Files\Intel\Intel(R) Management Engine Components\DAL;C:\Program Files (x86)\Intel\Intel(R) Management Engine Components\IPT;C:\Program Files\Intel\Intel(R) Management Engine Components\IPT;%ANDROID_HOME%\bin;D:\CloudFoundry;D:\apache-maven-3.5.2\bin;D:\java8\bin;C:\WINDOWS\system32;C:\WINDOWS;C:\WINDOWS\System32\Wbem;C:\WINDOWS\System32\WindowsPowerShell\v1.0\;D:\Postgresql\10\bin;D:\Postgresql\10\lib;D:\nodejs\;C:\Program Files\PuTTY\;D:\Git\bin;D:\Git\mingw64\bin;C:\Program Files (x86)\GtkSharp\2.12\bin;D:\Ruby25-x64\bin;C:\Ruby25-x64\bin;C:\Users\AwgyD\AppData\Local\Microsoft\WindowsApps;C:\Program Files\Microsoft VS Code\bin;C:\Users\AwgyD\AppData\Roaming\npm;C:\Users\AwgyD\GCP\google-cloud-sdk\bin

Yarn version: 
  1.6.0

Node version: 
  8.9.4

Platform: 
  win32 x64

Trace: 
  Error: EPERM: operation not permitted, unlink 'D:\my_git_repos\janus-master\janus-webapp\client-side\node_modules\@angular\core\src\animation\animation_metadata_wrapped.d.ts'

npm manifest: 
  {
    "name": "janus",
    "version": "0.0.0",
    "license": "MIT",
    "scripts": {
      "ng": "ng",
      "start": "ng serve",
      "build": "ng build --prod --env=prod",
      "build-uat": "ng build --prod --env=uat",
      "test": "ng test",
      "lint": "ng lint",
      "e2e": "ng e2e"
    },
    "private": true,
    "dependencies": {
      "@angular/animations": "6.0.2",
      "@angular/cdk": "^5.2.0",
      "@angular/common": "6.0.2",
      "@angular/compiler": "6.0.2",
      "@angular/core": "6.0.2",
      "@angular/flex-layout": "^2.0.0-rc.1",
      "@angular/forms": "6.0.2",
      "@angular/http": "6.0.2",
      "@angular/material": "^5.2.0",
      "@angular/platform-browser": "6.0.2",
      "@angular/platform-browser-dynamic": "6.0.2",
      "@angular/router": "6.0.2",
      "@ng-bootstrap/ng-bootstrap": "1.0.0-beta.6",
      "angular2-notifications-lite": "^0.1.2",
      "bootstrap": "4.0.0-beta.2",
      "chart.js": "^2.7.1",
      "clean": "^4.0.2",
      "core-js": "^2.5.3",
      "factory": "^1.0.3",
      "font-awesome": "^4.7.0",
      "fullcalendar": "^3.8.2",
      "html2canvas": "^1.0.0-alpha.8",
      "jquery": "^3.3.1",
      "jquery-ui-dist": "^1.12.1",
      "jspdf": "^1.3.5",
      "moment": "^2.20.1",
      "ng": "0.0.0-rc6",
      "ng2-charts": "^1.6.0",
      "ng2-order-pipe": "^0.1.5",
      "ng2-page-scroll": "^4.0.0-beta.12",
      "ngx-cookie-service": "^1.0.10",
      "ngx-pagination": "^3.0.3",
      "ngx-scroll-event": "^1.0.7",
      "popper.js": "^1.13.0",
      "primeng": "4.3.0",
      "rxjs": "^6.1.0",
      "save": "^2.3.2",
      "xlsx": "^0.12.0",
      "xlsx-style": "^0.8.13",
      "zone.js": "^0.8.26"
    },
    "devDependencies": {
      "@angular/cli": "6.0.3",
      "@angular/compiler-cli": "6.0.2",
      "@angular/language-service": "6.0.2",
      "@types/bootstrap": "^3.3.37",
      "@types/jasmine": "~2.5.53",
      "@types/jasminewd2": "~2.0.2",
      "@types/jquery": "^3.3.0",
      "@types/node": "^6.0.97",
      "codelyzer": "~3.2.0",
      "jasmine-core": "~2.6.2",
      "jasmine-spec-reporter": "~4.1.0",
      "karma": "~1.7.0",
      "karma-chrome-launcher": "~2.1.1",
      "karma-cli": "~1.0.1",
      "karma-coverage-istanbul-reporter": "^1.4.1",
      "karma-jasmine": "~1.1.0",
      "karma-jasmine-html-reporter": "^0.2.2",
      "protractor": "~5.1.2",
      "ts-node": "~3.2.0",
      "tslint": "~5.7.0",
      "typescript": "2.7.2"
    },
    "optionalDependencies": {}
  }

yarn manifest: 
  No manifest

Lockfile: 
  No lockfile
